<?xml version="1.0" encoding="UTF-8"?>
<!-- Generated by org.testng.reporters.JUnitReportReporter -->
<testsuite hostname="Yugos-Air.hsd1.ca.comcast.net" name="tests.SeleniumTest" tests="1" failures="0" timestamp="17 Feb 2017 15:57:24 GMT" time="23.842" errors="0">
  <testcase name="verifyModalContents" time="23.842" classname="tests.SeleniumTest"/>
</testsuite> <!-- tests.SeleniumTest -->
